# JRE version: Java(TM) SE Runtime Environment (8.0_251-b08) (build 1.8.0_251-b08)
# Java VM: Java HotSpot(TM) 64-Bit Server VM (25.251-b08 mixed mode windows-amd64 compressed oops)
Heap:
 PSYoungGen      total 404480K, used 277672K [0x000000076b600000, 0x000000078a780000, 0x00000007c0000000)
  eden space 390656K, 71% used [0x000000076b600000,0x000000077c52a2c0,0x0000000783380000)
  from space 13824K, 0% used [0x0000000783380000,0x0000000783380000,0x0000000784100000)
  to   space 20480K, 0% used [0x0000000789380000,0x0000000789380000,0x000000078a780000)
 ParOldGen       total 203264K, used 37135K [0x00000006c2200000, 0x00000006ce880000, 0x000000076b600000)
  object space 203264K, 18% used [0x00000006c2200000,0x00000006c4643f00,0x00000006ce880000)
 Metaspace       used 67280K, capacity 71200K, committed 71552K, reserved 1110016K
  class space    used 9315K, capacity 9997K, committed 10112K, reserved 1048576K
GC Heap History (10 events):
Event: 2.594 GC heap before
{Heap before GC invocations=8 (full 1):
 PSYoungGen      total 239104K, used 146685K [0x000000076b600000, 0x000000077c580000, 0x00000007c0000000)
  eden space 230912K, 60% used [0x000000076b600000,0x0000000773d71330,0x0000000779780000)
  from space 8192K, 97% used [0x000000077bd80000,0x000000077c54e418,0x000000077c580000)
  to   space 10240K, 0% used [0x000000077b180000,0x000000077b180000,0x000000077bb80000)
 ParOldGen       total 84480K, used 6488K [0x00000006c2200000, 0x00000006c7480000, 0x000000076b600000)
  object space 84480K, 7% used [0x00000006c2200000,0x00000006c2856350,0x00000006c7480000)
 Metaspace       used 33212K, capacity 35388K, committed 35456K, reserved 1079296K
  class space    used 4579K, capacity 4972K, committed 4992K, reserved 1048576K
Event: 2.602 GC heap after
Heap after GC invocations=8 (full 1):
 PSYoungGen      total 267776K, used 10234K [0x000000076b600000, 0x0000000785800000, 0x00000007c0000000)
  eden space 257536K, 0% used [0x000000076b600000,0x000000076b600000,0x000000077b180000)
  from space 10240K, 99% used [0x000000077b180000,0x000000077bb7eb98,0x000000077bb80000)
  to   space 13824K, 0% used [0x0000000784a80000,0x0000000784a80000,0x0000000785800000)
 ParOldGen       total 84480K, used 10767K [0x00000006c2200000, 0x00000006c7480000, 0x000000076b600000)
  object space 84480K, 12% used [0x00000006c2200000,0x00000006c2c83d18,0x00000006c7480000)
 Metaspace       used 33212K, capacity 35388K, committed 35456K, reserved 1079296K
  class space    used 4579K, capacity 4972K, committed 4992K, reserved 1048576K
}
Event: 2.602 GC heap before
{Heap before GC invocations=9 (full 2):
 PSYoungGen      total 267776K, used 10234K [0x000000076b600000, 0x0000000785800000, 0x00000007c0000000)
  eden space 257536K, 0% used [0x000000076b600000,0x000000076b600000,0x000000077b180000)
  from space 10240K, 99% used [0x000000077b180000,0x000000077bb7eb98,0x000000077bb80000)
  to   space 13824K, 0% used [0x0000000784a80000,0x0000000784a80000,0x0000000785800000)
 ParOldGen       total 84480K, used 10767K [0x00000006c2200000, 0x00000006c7480000, 0x000000076b600000)
  object space 84480K, 12% used [0x00000006c2200000,0x00000006c2c83d18,0x00000006c7480000)
 Metaspace       used 33212K, capacity 35388K, committed 35456K, reserved 1079296K
  class space    used 4579K, capacity 4972K, committed 4992K, reserved 1048576K
Event: 2.674 GC heap after
Heap after GC invocations=9 (full 2):
 PSYoungGen      total 267776K, used 0K [0x000000076b600000, 0x0000000785800000, 0x00000007c0000000)
  eden space 257536K, 0% used [0x000000076b600000,0x000000076b600000,0x000000077b180000)
  from space 10240K, 0% used [0x000000077b180000,0x000000077b180000,0x000000077bb80000)
  to   space 13824K, 0% used [0x0000000784a80000,0x0000000784a80000,0x0000000785800000)
 ParOldGen       total 138240K, used 19372K [0x00000006c2200000, 0x00000006ca900000, 0x000000076b600000)
  object space 138240K, 14% used [0x00000006c2200000,0x00000006c34eb138,0x00000006ca900000)
 Metaspace       used 33212K, capacity 35388K, committed 35456K, reserved 1079296K
  class space    used 4579K, capacity 4972K, committed 4992K, reserved 1048576K
}
Event: 3.213 GC heap before
{Heap before GC invocations=10 (full 2):
 PSYoungGen      total 267776K, used 257536K [0x000000076b600000, 0x0000000785800000, 0x00000007c0000000)
  eden space 257536K, 100% used [0x000000076b600000,0x000000077b180000,0x000000077b180000)
  from space 10240K, 0% used [0x000000077b180000,0x000000077b180000,0x000000077bb80000)
  to   space 13824K, 0% used [0x0000000784a80000,0x0000000784a80000,0x0000000785800000)
 ParOldGen       total 138240K, used 19372K [0x00000006c2200000, 0x00000006ca900000, 0x000000076b600000)
  object space 138240K, 14% used [0x00000006c2200000,0x00000006c34eb138,0x00000006ca900000)
 Metaspace       used 36331K, capacity 38652K, committed 39040K, reserved 1083392K
  class space    used 4963K, capacity 5414K, committed 5504K, reserved 1048576K
Event: 3.219 GC heap after
Heap after GC invocations=10 (full 2):
 PSYoungGen      total 379904K, used 4008K [0x000000076b600000, 0x0000000784e80000, 0x00000007c0000000)
  eden space 375808K, 0% used [0x000000076b600000,0x000000076b600000,0x0000000782500000)
  from space 4096K, 97% used [0x0000000784a80000,0x0000000784e6a158,0x0000000784e80000)
  to   space 13824K, 0% used [0x0000000783380000,0x0000000783380000,0x0000000784100000)
 ParOldGen       total 138240K, used 19380K [0x00000006c2200000, 0x00000006ca900000, 0x000000076b600000)
  object space 138240K, 14% used [0x00000006c2200000,0x00000006c34ed138,0x00000006ca900000)
 Metaspace       used 36331K, capacity 38652K, committed 39040K, reserved 1083392K
  class space    used 4963K, capacity 5414K, committed 5504K, reserved 1048576K
}
Event: 4.714 GC heap before
{Heap before GC invocations=11 (full 2):
 PSYoungGen      total 379904K, used 275782K [0x000000076b600000, 0x0000000784e80000, 0x00000007c0000000)
  eden space 375808K, 72% used [0x000000076b600000,0x000000077bf67710,0x0000000782500000)
  from space 4096K, 97% used [0x0000000784a80000,0x0000000784e6a158,0x0000000784e80000)
  to   space 13824K, 0% used [0x0000000783380000,0x0000000783380000,0x0000000784100000)
 ParOldGen       total 138240K, used 19380K [0x00000006c2200000, 0x00000006ca900000, 0x000000076b600000)
  object space 138240K, 14% used [0x00000006c2200000,0x00000006c34ed138,0x00000006ca900000)
 Metaspace       used 56018K, capacity 59046K, committed 59096K, reserved 1099776K
  class space    used 7746K, capacity 8299K, committed 8320K, reserved 1048576K
Event: 4.728 GC heap after
Heap after GC invocations=11 (full 2):
 PSYoungGen      total 404480K, used 13823K [0x000000076b600000, 0x000000078a780000, 0x00000007c0000000)
  eden space 390656K, 0% used [0x000000076b600000,0x000000076b600000,0x0000000783380000)
  from space 13824K, 99% used [0x0000000783380000,0x00000007840ffe18,0x0000000784100000)
  to   space 20480K, 0% used [0x0000000789380000,0x0000000789380000,0x000000078a780000)
 ParOldGen       total 138240K, used 31112K [0x00000006c2200000, 0x00000006ca900000, 0x000000076b600000)
  object space 138240K, 22% used [0x00000006c2200000,0x00000006c4062048,0x00000006ca900000)
 Metaspace       used 56018K, capacity 59046K, committed 59096K, reserved 1099776K
  class space    used 7746K, capacity 8299K, committed 8320K, reserved 1048576K
}
Event: 4.728 GC heap before
{Heap before GC invocations=12 (full 3):
 PSYoungGen      total 404480K, used 13823K [0x000000076b600000, 0x000000078a780000, 0x00000007c0000000)
  eden space 390656K, 0% used [0x000000076b600000,0x000000076b600000,0x0000000783380000)
  from space 13824K, 99% used [0x0000000783380000,0x00000007840ffe18,0x0000000784100000)
  to   space 20480K, 0% used [0x0000000789380000,0x0000000789380000,0x000000078a780000)
 ParOldGen       total 138240K, used 31112K [0x00000006c2200000, 0x00000006ca900000, 0x000000076b600000)
  object space 138240K, 22% used [0x00000006c2200000,0x00000006c4062048,0x00000006ca900000)
 Metaspace       used 56018K, capacity 59046K, committed 59096K, reserved 1099776K
  class space    used 7746K, capacity 8299K, committed 8320K, reserved 1048576K
Event: 4.829 GC heap after
Heap after GC invocations=12 (full 3):
 PSYoungGen      total 404480K, used 0K [0x000000076b600000, 0x000000078a780000, 0x00000007c0000000)
  eden space 390656K, 0% used [0x000000076b600000,0x000000076b600000,0x0000000783380000)
  from space 13824K, 0% used [0x0000000783380000,0x0000000783380000,0x0000000784100000)
  to   space 20480K, 0% used [0x0000000789380000,0x0000000789380000,0x000000078a780000)
 ParOldGen       total 203264K, used 37135K [0x00000006c2200000, 0x00000006ce880000, 0x000000076b600000)
  object space 203264K, 18% used [0x00000006c2200000,0x00000006c4643f00,0x00000006ce880000)
 Metaspace       used 56018K, capacity 59046K, committed 59096K, reserved 1099776K
  class space    used 7746K, capacity 8299K, committed 8320K, reserved 1048576K
}

